Using pre-set license
Built from '2020.3/staging' branch; Version is '2020.3.26f1 (7298b473bc1a) revision 7510196'; Using compiler version '192528614'; Build Type 'Release'
OS: 'Windows 10  (10.0.17134) 64bit Enterprise' Language: 'en' Physical Memory: 32669 MB
BatchMode: 1, IsHumanControllingUs: 0, StartBugReporterOnCrash: 0, Is64bit: 1, IsPro: 0

COMMAND LINE ARGUMENTS:
D:\Program Files\Unity\2020.3.26f1\Editor\Unity.exe
-adb2
-batchMode
-noUpm
-name
AssetImportWorker0
-projectPath
D:/Students/Xingzhou Li CSG/ApplePicker/ApplePicker-Unity
-logFile
Logs/AssetImportWorker0.log
-srvPort
58084
Successfully changed project path to: D:/Students/Xingzhou Li CSG/ApplePicker/ApplePicker-Unity
D:/Students/Xingzhou Li CSG/ApplePicker/ApplePicker-Unity
Using Asset Import Pipeline V2.
Refreshing native plugins compatible for Editor in 29.49 ms, found 2 plugins.
Preloading 0 native plugins for Editor in 0.00 ms.
Initialize engine version: 2020.3.26f1 (7298b473bc1a)
[Subsystems] Discovering subsystems at path D:/Program Files/Unity/2020.3.26f1/Editor/Data/Resources/UnitySubsystems
[Subsystems] Discovering subsystems at path D:/Students/Xingzhou Li CSG/ApplePicker/ApplePicker-Unity/Assets
GfxDevice: creating device client; threaded=0
Direct3D:
    Version:  Direct3D 11.0 [level 11.1]
    Renderer: NVIDIA GeForce GTX 1080 (ID=0x1b80)
    Vendor:   
    VRAM:     8079 MB
    Driver:   30.0.15.1123
Initialize mono
Mono path[0] = 'D:/Program Files/Unity/2020.3.26f1/Editor/Data/Managed'
Mono path[1] = 'D:/Program Files/Unity/2020.3.26f1/Editor/Data/MonoBleedingEdge/lib/mono/unityjit'
Mono config path = 'D:/Program Files/Unity/2020.3.26f1/Editor/Data/MonoBleedingEdge/etc'
Using monoOptions --debugger-agent=transport=dt_socket,embedding=1,server=y,suspend=n,address=127.0.0.1:56284
Begin MonoManager ReloadAssembly
Registering precompiled unity dll's ...
Register platform support module: D:/Program Files/Unity/2020.3.26f1/Editor/Data/PlaybackEngines/WebGLSupport/UnityEditor.WebGL.Extensions.dll
Register platform support module: D:/Program Files/Unity/2020.3.26f1/Editor/Data/PlaybackEngines/WindowsStandaloneSupport/UnityEditor.WindowsStandalone.Extensions.dll
Registered in 0.001205 seconds.
Native extension for WindowsStandalone target not found
Native extension for WebGL target not found
Refreshing native plugins compatible for Editor in 25.83 ms, found 2 plugins.
Preloading 0 native plugins for Editor in 0.00 ms.
Mono: successfully reloaded assembly
- Completed reload, in  0.470 seconds
Domain Reload Profiling:
	ReloadAssembly (471ms)
		BeginReloadAssembly (44ms)
			ExecutionOrderSort (0ms)
			DisableScriptedObjects (0ms)
			BackupInstance (0ms)
			ReleaseScriptingObjects (0ms)
			CreateAndSetChildDomain (1ms)
		EndReloadAssembly (368ms)
			LoadAssemblies (42ms)
			RebuildTransferFunctionScriptingTraits (0ms)
			SetupTypeCache (129ms)
			ReleaseScriptCaches (0ms)
			RebuildScriptCaches (26ms)
			SetupLoadedEditorAssemblies (129ms)
				LogAssemblyErrors (0ms)
				InitializePlatformSupportModulesInManaged (3ms)
				SetLoadedEditorAssemblies (0ms)
				RefreshPlugins (26ms)
				BeforeProcessingInitializeOnLoad (7ms)
				ProcessInitializeOnLoadAttributes (68ms)
				ProcessInitializeOnLoadMethodAttributes (24ms)
				AfterProcessingInitializeOnLoad (0ms)
				EditorAssembliesLoaded (0ms)
			ExecutionOrderSort2 (0ms)
			AwakeInstancesAfterBackupRestoration (0ms)
Platform modules already initialized, skipping
Registering precompiled user dll's ...
Registered in 0.003370 seconds.
Begin MonoManager ReloadAssembly
Native extension for WindowsStandalone target not found
Native extension for WebGL target not found
Refreshing native plugins compatible for Editor in 0.36 ms, found 2 plugins.
Preloading 0 native plugins for Editor in 0.00 ms.
Mono: successfully reloaded assembly
- Completed reload, in  0.792 seconds
Domain Reload Profiling:
	ReloadAssembly (793ms)
		BeginReloadAssembly (118ms)
			ExecutionOrderSort (0ms)
			DisableScriptedObjects (4ms)
			BackupInstance (0ms)
			ReleaseScriptingObjects (0ms)
			CreateAndSetChildDomain (16ms)
		EndReloadAssembly (628ms)
			LoadAssemblies (68ms)
			RebuildTransferFunctionScriptingTraits (0ms)
			SetupTypeCache (227ms)
			ReleaseScriptCaches (0ms)
			RebuildScriptCaches (33ms)
			SetupLoadedEditorAssemblies (227ms)
				LogAssemblyErrors (0ms)
				InitializePlatformSupportModulesInManaged (4ms)
				SetLoadedEditorAssemblies (0ms)
				RefreshPlugins (0ms)
				BeforeProcessingInitializeOnLoad (42ms)
				ProcessInitializeOnLoadAttributes (171ms)
				ProcessInitializeOnLoadMethodAttributes (7ms)
				AfterProcessingInitializeOnLoad (2ms)
				EditorAssembliesLoaded (0ms)
			ExecutionOrderSort2 (0ms)
			AwakeInstancesAfterBackupRestoration (5ms)
Platform modules already initialized, skipping
========================================================================
Worker process is ready to serve import requests
Launched and connected shader compiler UnityShaderCompiler.exe after 0.03 seconds
Refreshing native plugins compatible for Editor in 0.47 ms, found 2 plugins.
Preloading 0 native plugins for Editor in 0.00 ms.
Unloading 1503 Unused Serialized files (Serialized files now loaded: 0)
System memory in use before: 67.5 MB.
System memory in use after: 67.5 MB.

Unloading 19 unused Assets to reduce memory usage. Loaded Objects now: 1935.
Total: 3.112395 ms (FindLiveObjects: 0.166116 ms CreateObjectMapping: 0.058596 ms MarkObjects: 2.798652 ms  DeleteObjects: 0.087893 ms)

AssetImportParameters requested are different than current active one (requested -> active):
  custom:framework-win-MediaFoundation: 216162199b28c13a410421893ffa2e32 -> 
  custom:video-decoder-ogg-theora: a1e56fd34408186e4bbccfd4996cb3dc -> 
  custom:container-muxer-webm: aa71ff27fc2769a1b78a27578f13a17b -> 
  custom:container-demuxer-webm: 4f35f7cbe854078d1ac9338744f61a02 -> 
  custom:container-demuxer-ogg: 62fdf1f143b41e24485cea50d1cbac27 -> 
  custom:video-encoder-webm-vp8: eb34c28f22e8b96e1ab97ce403110664 -> 
  custom:video-decoder-webm-vp8: 9c59270c3fd7afecdb556c50c9e8de78 -> 
  custom:audio-decoder-ogg-vorbis: bf7c407c2cedff20999df2af8eb42d56 -> 
  custom:audio-encoder-webm-vorbis: bf7c407c2cedff20999df2af8eb42d56 -> 
========================================================================
Received Import Request.
  path: Assets
  artifactKey: Guid(00000000000000001000000000000000) Importer(815301076,1909f56bfc062723c751e8b465ee728b)
Start importing Assets using Guid(00000000000000001000000000000000) Importer(815301076,1909f56bfc062723c751e8b465ee728b)  -> (artifact id: '42d402b061de3733987d63b9cc3b64de') in 0.012222 seconds 
  Import took 0.014503 seconds .

========================================================================
Received Import Request.
  Time since last request: 5.130900 seconds.
  path: Assets/Prefab
  artifactKey: Guid(1ea9733b6f4036d438166671fb6290b8) Importer(815301076,1909f56bfc062723c751e8b465ee728b)
Start importing Assets/Prefab using Guid(1ea9733b6f4036d438166671fb6290b8) Importer(815301076,1909f56bfc062723c751e8b465ee728b)  -> (artifact id: '3e0219056c7395af3b96f7d127839713') in 0.691881 seconds 
  Import took 0.694132 seconds .

========================================================================
Received Import Request.
  Time since last request: 11.693347 seconds.
  path: Assets/Prefab/AppleTree.prefab
  artifactKey: Guid(0782dbbf74319814280b00a977241e02) Importer(815301076,1909f56bfc062723c751e8b465ee728b)
Start importing Assets/Prefab/AppleTree.prefab using Guid(0782dbbf74319814280b00a977241e02) Importer(815301076,1909f56bfc062723c751e8b465ee728b)  -> (artifact id: '8d760e601637ab3ab84a6374863da9fa') in 0.104508 seconds 
  Import took 0.106872 seconds .

========================================================================
Received Import Request.
  Time since last request: 182.514267 seconds.
  path: Assets/Materials
  artifactKey: Guid(92c6aa1d851191d4392777b7a15a69e9) Importer(815301076,1909f56bfc062723c751e8b465ee728b)
Start importing Assets/Materials using Guid(92c6aa1d851191d4392777b7a15a69e9) Importer(815301076,1909f56bfc062723c751e8b465ee728b)  -> (artifact id: '2f3f5ec4884e97f96047d16cfdcdeaa6') in 0.765918 seconds 
  Import took 0.768682 seconds .

========================================================================
Received Import Request.
  Time since last request: 20.824051 seconds.
  path: Assets/Materials/Mat_Apple.mat
  artifactKey: Guid(d7f8d6d202c33454e95c67a216fb59f3) Importer(815301076,1909f56bfc062723c751e8b465ee728b)
Start importing Assets/Materials/Mat_Apple.mat using Guid(d7f8d6d202c33454e95c67a216fb59f3) Importer(815301076,1909f56bfc062723c751e8b465ee728b)  -> (artifact id: '0da0b8c62eb39366e8a03d3fe33c97a3') in 0.075637 seconds 
  Import took 0.078190 seconds .

========================================================================
Received Import Request.
  Time since last request: 60.183473 seconds.
  path: Assets/Materials/Mat_Leaves.mat
  artifactKey: Guid(a7ee6772717ec2c48b9b93771d6caff9) Importer(815301076,1909f56bfc062723c751e8b465ee728b)
Start importing Assets/Materials/Mat_Leaves.mat using Guid(a7ee6772717ec2c48b9b93771d6caff9) Importer(815301076,1909f56bfc062723c751e8b465ee728b)  -> (artifact id: 'c04b6ca76a7204d2771199f6e68278d0') in 0.768234 seconds 
  Import took 0.770821 seconds .

========================================================================
Received Import Request.
  Time since last request: 16.369120 seconds.
  path: Assets/Materials/Mat_Wood.mat
  artifactKey: Guid(c990083582b57c247bfcaed69bcd1510) Importer(815301076,1909f56bfc062723c751e8b465ee728b)
Start importing Assets/Materials/Mat_Wood.mat using Guid(c990083582b57c247bfcaed69bcd1510) Importer(815301076,1909f56bfc062723c751e8b465ee728b)  -> (artifact id: '49fdc82f609c61292d3cc717b49bdc81') in 0.741108 seconds 
  Import took 0.744029 seconds .

========================================================================
Received Import Request.
  Time since last request: 91.986272 seconds.
  path: Assets/Materials/Basket.mat
  artifactKey: Guid(8db5907c205536a459f129f62ff30f43) Importer(815301076,1909f56bfc062723c751e8b465ee728b)
Start importing Assets/Materials/Basket.mat using Guid(8db5907c205536a459f129f62ff30f43) Importer(815301076,1909f56bfc062723c751e8b465ee728b)  -> (artifact id: '756f575fbee2922e9704497f23aadb42') in 0.796303 seconds 
  Import took 0.798937 seconds .

========================================================================
Received Import Request.
  Time since last request: 6.573293 seconds.
  path: Assets/Materials/Mat_Basket.mat
  artifactKey: Guid(8db5907c205536a459f129f62ff30f43) Importer(815301076,1909f56bfc062723c751e8b465ee728b)
Start importing Assets/Materials/Mat_Basket.mat using Guid(8db5907c205536a459f129f62ff30f43) Importer(815301076,1909f56bfc062723c751e8b465ee728b)  -> (artifact id: '75c15fb8514d28fb7dc97d6adeb89dc7') in 0.764962 seconds 
  Import took 0.767470 seconds .

========================================================================
Received Import Request.
  Time since last request: 134.571104 seconds.
  path: Assets/Prefab/Apple.prefab
  artifactKey: Guid(9f80303aa4506dc4a99bbbd48b31fdcd) Importer(815301076,1909f56bfc062723c751e8b465ee728b)
Start importing Assets/Prefab/Apple.prefab using Guid(9f80303aa4506dc4a99bbbd48b31fdcd) Importer(815301076,1909f56bfc062723c751e8b465ee728b)  -> (artifact id: '930d51c188a958eefe12685455c7e9af') in 0.022579 seconds 
  Import took 0.026435 seconds .

========================================================================
Received Import Request.
  Time since last request: 3.723607 seconds.
  path: Assets/Prefab/Basket.prefab
  artifactKey: Guid(c0441a8c6bad6d24d8946b642814a306) Importer(815301076,1909f56bfc062723c751e8b465ee728b)
Start importing Assets/Prefab/Basket.prefab using Guid(c0441a8c6bad6d24d8946b642814a306) Importer(815301076,1909f56bfc062723c751e8b465ee728b)  -> (artifact id: '815bd22367b1f8614aa1023134f74f81') in 0.023376 seconds 
  Import took 0.026285 seconds .

========================================================================
Received Import Request.
  Time since last request: 107.482103 seconds.
  path: Assets/Scenes
  artifactKey: Guid(b1bad1023c37a604a849d60480ce8df3) Importer(815301076,1909f56bfc062723c751e8b465ee728b)
Start importing Assets/Scenes using Guid(b1bad1023c37a604a849d60480ce8df3) Importer(815301076,1909f56bfc062723c751e8b465ee728b)  -> (artifact id: 'e7972d8b39c897973faad872f99f43d8') in 0.775672 seconds 
  Import took 0.778865 seconds .

========================================================================
Received Import Request.
  Time since last request: 7.136283 seconds.
  path: Assets/Scenes/Scripts
  artifactKey: Guid(2e23d8e79a8b54d4aa4bc360610d1225) Importer(815301076,1909f56bfc062723c751e8b465ee728b)
Start importing Assets/Scenes/Scripts using Guid(2e23d8e79a8b54d4aa4bc360610d1225) Importer(815301076,1909f56bfc062723c751e8b465ee728b)  -> (artifact id: 'b4b9d5a36420a82b27c04b1378923d98') in 0.773048 seconds 
  Import took 0.775551 seconds .

========================================================================
Received Import Request.
  Time since last request: 61.251381 seconds.
  path: Assets/Scenes/Scripts/Tree.cs
  artifactKey: Guid(ed9667cc57e7e564b923acef279fbc8b) Importer(815301076,1909f56bfc062723c751e8b465ee728b)
Start importing Assets/Scenes/Scripts/Tree.cs using Guid(ed9667cc57e7e564b923acef279fbc8b) Importer(815301076,1909f56bfc062723c751e8b465ee728b)  -> (artifact id: '32fc6ee62ceb96384a1f6efbca183a83') in 0.026587 seconds 
  Import took 0.029666 seconds .

========================================================================
Received Prepare
Registering precompiled user dll's ...
Registered in 0.162721 seconds.
Begin MonoManager ReloadAssembly
Native extension for WindowsStandalone target not found
Native extension for WebGL target not found
Refreshing native plugins compatible for Editor in 0.30 ms, found 2 plugins.
Preloading 0 native plugins for Editor in 0.00 ms.
Mono: successfully reloaded assembly
- Completed reload, in  0.840 seconds
Domain Reload Profiling:
	ReloadAssembly (840ms)
		BeginReloadAssembly (99ms)
			ExecutionOrderSort (0ms)
			DisableScriptedObjects (4ms)
			BackupInstance (0ms)
			ReleaseScriptingObjects (0ms)
			CreateAndSetChildDomain (31ms)
		EndReloadAssembly (684ms)
			LoadAssemblies (80ms)
			RebuildTransferFunctionScriptingTraits (0ms)
			SetupTypeCache (274ms)
			ReleaseScriptCaches (1ms)
			RebuildScriptCaches (32ms)
			SetupLoadedEditorAssemblies (222ms)
				LogAssemblyErrors (0ms)
				InitializePlatformSupportModulesInManaged (4ms)
				SetLoadedEditorAssemblies (1ms)
				RefreshPlugins (0ms)
				BeforeProcessingInitializeOnLoad (39ms)
				ProcessInitializeOnLoadAttributes (168ms)
				ProcessInitializeOnLoadMethodAttributes (7ms)
				AfterProcessingInitializeOnLoad (2ms)
				EditorAssembliesLoaded (0ms)
			ExecutionOrderSort2 (0ms)
			AwakeInstancesAfterBackupRestoration (6ms)
Platform modules already initialized, skipping
Refreshing native plugins compatible for Editor in 0.54 ms, found 2 plugins.
Preloading 0 native plugins for Editor in 0.00 ms.
Unloading 1498 Unused Serialized files (Serialized files now loaded: 0)
System memory in use before: 70.8 MB.
System memory in use after: 70.9 MB.

Unloading 15 unused Assets to reduce memory usage. Loaded Objects now: 1981.
Total: 3.227026 ms (FindLiveObjects: 0.187165 ms CreateObjectMapping: 0.073956 ms MarkObjects: 2.938030 ms  DeleteObjects: 0.025884 ms)

AssetImportParameters requested are different than current active one (requested -> active):
  custom:framework-win-MediaFoundation: 216162199b28c13a410421893ffa2e32 -> 
  custom:video-decoder-ogg-theora: a1e56fd34408186e4bbccfd4996cb3dc -> 
  custom:container-muxer-webm: aa71ff27fc2769a1b78a27578f13a17b -> 
  custom:container-demuxer-webm: 4f35f7cbe854078d1ac9338744f61a02 -> 
  custom:container-demuxer-ogg: 62fdf1f143b41e24485cea50d1cbac27 -> 
  custom:video-encoder-webm-vp8: eb34c28f22e8b96e1ab97ce403110664 -> 
  custom:video-decoder-webm-vp8: 9c59270c3fd7afecdb556c50c9e8de78 -> 
  custom:audio-decoder-ogg-vorbis: bf7c407c2cedff20999df2af8eb42d56 -> 
  custom:audio-encoder-webm-vorbis: bf7c407c2cedff20999df2af8eb42d56 -> 
========================================================================
Received Import Request.
  Time since last request: 271.700673 seconds.
  path: Assets/Scenes/Scripts/Tree.cs
  artifactKey: Guid(ed9667cc57e7e564b923acef279fbc8b) Importer(815301076,1909f56bfc062723c751e8b465ee728b)
Start importing Assets/Scenes/Scripts/Tree.cs using Guid(ed9667cc57e7e564b923acef279fbc8b) Importer(815301076,1909f56bfc062723c751e8b465ee728b)  -> (artifact id: 'ede37367f0b80bf30c908a9d85db52da') in 0.009781 seconds 
  Import took 0.013106 seconds .

========================================================================
Received Import Request.
  Time since last request: 94.521188 seconds.
  path: Assets/Prefab/AppleTree.prefab
  artifactKey: Guid(0782dbbf74319814280b00a977241e02) Importer(815301076,1909f56bfc062723c751e8b465ee728b)
Start importing Assets/Prefab/AppleTree.prefab using Guid(0782dbbf74319814280b00a977241e02) Importer(815301076,1909f56bfc062723c751e8b465ee728b)  -> (artifact id: 'c66764092fe44fbf46ef0f0e2fb5c83d') in 0.060047 seconds 
  Import took 0.062591 seconds .

========================================================================
Received Import Request.
  Time since last request: 866.843836 seconds.
  path: Assets/Prefab/Tree.cs
  artifactKey: Guid(ed9667cc57e7e564b923acef279fbc8b) Importer(815301076,1909f56bfc062723c751e8b465ee728b)
Start importing Assets/Prefab/Tree.cs using Guid(ed9667cc57e7e564b923acef279fbc8b) Importer(815301076,1909f56bfc062723c751e8b465ee728b)  -> (artifact id: '7fb5a46e872274fb25d0083ba027d2a1') in 0.007667 seconds 
  Import took 0.010511 seconds .

========================================================================
Received Import Request.
  Time since last request: 311.114633 seconds.
  path: Assets/Prefab/Tree.cs
  artifactKey: Guid(ed9667cc57e7e564b923acef279fbc8b) Importer(815301076,1909f56bfc062723c751e8b465ee728b)
Start importing Assets/Prefab/Tree.cs using Guid(ed9667cc57e7e564b923acef279fbc8b) Importer(815301076,1909f56bfc062723c751e8b465ee728b)  -> (artifact id: '1ae22f80d2af2bc5716aaa99abeca150') in 0.007159 seconds 
  Import took 0.010737 seconds .

========================================================================
Received Import Request.
  Time since last request: 287.436545 seconds.
  path: ProjectSettings/TagManager.asset
  artifactKey: Guid(00000000000000003000000000000000) Importer(815301076,1909f56bfc062723c751e8b465ee728b)
Start importing ProjectSettings/TagManager.asset using Guid(00000000000000003000000000000000) Importer(815301076,1909f56bfc062723c751e8b465ee728b)  -> (artifact id: 'ce6a35c3cddc746e7501c0bd0ed6d4ce') in 0.693026 seconds 
  Import took 0.695729 seconds .

========================================================================
Received Import Request.
  Time since last request: 29.526471 seconds.
  path: Assets/Prefab/Apple.prefab
  artifactKey: Guid(9f80303aa4506dc4a99bbbd48b31fdcd) Importer(815301076,1909f56bfc062723c751e8b465ee728b)
Start importing Assets/Prefab/Apple.prefab using Guid(9f80303aa4506dc4a99bbbd48b31fdcd) Importer(815301076,1909f56bfc062723c751e8b465ee728b)  -> (artifact id: 'dce258982ad04d9b64acb30fc6b1b5b7') in 0.024154 seconds 
  Import took 0.026544 seconds .

========================================================================
Received Import Request.
  Time since last request: 7.074217 seconds.
  path: Assets/Prefab/AppleTree.prefab
  artifactKey: Guid(0782dbbf74319814280b00a977241e02) Importer(815301076,1909f56bfc062723c751e8b465ee728b)
Start importing Assets/Prefab/AppleTree.prefab using Guid(0782dbbf74319814280b00a977241e02) Importer(815301076,1909f56bfc062723c751e8b465ee728b)  -> (artifact id: 'edb2a10b4b07cdef3ffe6d344c911783') in 0.015707 seconds 
  Import took 0.018152 seconds .

========================================================================
Received Import Request.
  Time since last request: 3.377312 seconds.
  path: Assets/Prefab/Basket.prefab
  artifactKey: Guid(c0441a8c6bad6d24d8946b642814a306) Importer(815301076,1909f56bfc062723c751e8b465ee728b)
Start importing Assets/Prefab/Basket.prefab using Guid(c0441a8c6bad6d24d8946b642814a306) Importer(815301076,1909f56bfc062723c751e8b465ee728b)  -> (artifact id: '146684b566a694ed7f1edce2a4eb8efd') in 0.019357 seconds 
  Import took 0.021900 seconds .

========================================================================
Received Import Request.
  Time since last request: 344.560134 seconds.
  path: Assets/Prefab/Tree.cs
  artifactKey: Guid(ed9667cc57e7e564b923acef279fbc8b) Importer(815301076,1909f56bfc062723c751e8b465ee728b)
Start importing Assets/Prefab/Tree.cs using Guid(ed9667cc57e7e564b923acef279fbc8b) Importer(815301076,1909f56bfc062723c751e8b465ee728b)  -> (artifact id: '638551e6cc6e6c039a8d2798891c323f') in 0.002449 seconds 
  Import took 0.005100 seconds .

========================================================================
Received Import Request.
  Time since last request: 15.678504 seconds.
  path: Assets/Prefab/AppleTree.prefab
  artifactKey: Guid(0782dbbf74319814280b00a977241e02) Importer(815301076,1909f56bfc062723c751e8b465ee728b)
Start importing Assets/Prefab/AppleTree.prefab using Guid(0782dbbf74319814280b00a977241e02) Importer(815301076,1909f56bfc062723c751e8b465ee728b)  -> (artifact id: '2836beea1c9520cef8f344433f88bd10') in 0.009753 seconds 
  Import took 0.012368 seconds .

========================================================================
Received Import Request.
  Time since last request: 9.997186 seconds.
  path: Assets/Prefab/AppleTree.prefab
  artifactKey: Guid(0782dbbf74319814280b00a977241e02) Importer(815301076,1909f56bfc062723c751e8b465ee728b)
Start importing Assets/Prefab/AppleTree.prefab using Guid(0782dbbf74319814280b00a977241e02) Importer(815301076,1909f56bfc062723c751e8b465ee728b)  -> (artifact id: '00af5864d3e93e995783765b0fa52819') in 0.013308 seconds 
  Import took 0.015613 seconds .

========================================================================
Received Import Request.
  Time since last request: 167.339548 seconds.
  path: Assets/Scenes/Scripts/Tree.cs
  artifactKey: Guid(c6239ef106521f94988df31e45f2899a) Importer(815301076,1909f56bfc062723c751e8b465ee728b)
Start importing Assets/Scenes/Scripts/Tree.cs using Guid(c6239ef106521f94988df31e45f2899a) Importer(815301076,1909f56bfc062723c751e8b465ee728b)  -> (artifact id: 'b1c99c53b242d5eb490757839166c5bc') in 0.003189 seconds 
  Import took 0.005913 seconds .

========================================================================
Received Import Request.
  Time since last request: 19.402196 seconds.
  path: Assets/Prefab/Tree.cs
  artifactKey: Guid(ed9667cc57e7e564b923acef279fbc8b) Importer(815301076,1909f56bfc062723c751e8b465ee728b)
Start importing Assets/Prefab/Tree.cs using Guid(ed9667cc57e7e564b923acef279fbc8b) Importer(815301076,1909f56bfc062723c751e8b465ee728b)  -> (artifact id: '2013bc620b313344a18730dab1d4bb00') in 0.003081 seconds 
  Import took 0.005790 seconds .

========================================================================
Received Prepare
Registering precompiled user dll's ...
Registered in 0.133648 seconds.
Begin MonoManager ReloadAssembly
Native extension for WindowsStandalone target not found
Native extension for WebGL target not found
Refreshing native plugins compatible for Editor in 0.32 ms, found 2 plugins.
Preloading 0 native plugins for Editor in 0.00 ms.
Mono: successfully reloaded assembly
- Completed reload, in  0.798 seconds
Domain Reload Profiling:
	ReloadAssembly (798ms)
		BeginReloadAssembly (89ms)
			ExecutionOrderSort (0ms)
			DisableScriptedObjects (4ms)
			BackupInstance (0ms)
			ReleaseScriptingObjects (0ms)
			CreateAndSetChildDomain (29ms)
		EndReloadAssembly (661ms)
			LoadAssemblies (72ms)
			RebuildTransferFunctionScriptingTraits (0ms)
			SetupTypeCache (235ms)
			ReleaseScriptCaches (1ms)
			RebuildScriptCaches (32ms)
			SetupLoadedEditorAssemblies (230ms)
				LogAssemblyErrors (0ms)
				InitializePlatformSupportModulesInManaged (5ms)
				SetLoadedEditorAssemblies (0ms)
				RefreshPlugins (0ms)
				BeforeProcessingInitializeOnLoad (39ms)
				ProcessInitializeOnLoadAttributes (176ms)
				ProcessInitializeOnLoadMethodAttributes (7ms)
				AfterProcessingInitializeOnLoad (2ms)
				EditorAssembliesLoaded (0ms)
			ExecutionOrderSort2 (0ms)
			AwakeInstancesAfterBackupRestoration (6ms)
Platform modules already initialized, skipping
Refreshing native plugins compatible for Editor in 0.31 ms, found 2 plugins.
Preloading 0 native plugins for Editor in 0.00 ms.
Unloading 1498 Unused Serialized files (Serialized files now loaded: 0)
System memory in use before: 70.8 MB.
System memory in use after: 70.9 MB.

Unloading 17 unused Assets to reduce memory usage. Loaded Objects now: 1984.
Total: 2.257638 ms (FindLiveObjects: 0.112356 ms CreateObjectMapping: 0.041529 ms MarkObjects: 2.084980 ms  DeleteObjects: 0.018204 ms)

AssetImportParameters requested are different than current active one (requested -> active):
  custom:framework-win-MediaFoundation: 216162199b28c13a410421893ffa2e32 -> 
  custom:video-decoder-ogg-theora: a1e56fd34408186e4bbccfd4996cb3dc -> 
  custom:container-muxer-webm: aa71ff27fc2769a1b78a27578f13a17b -> 
  custom:container-demuxer-webm: 4f35f7cbe854078d1ac9338744f61a02 -> 
  custom:container-demuxer-ogg: 62fdf1f143b41e24485cea50d1cbac27 -> 
  custom:video-encoder-webm-vp8: eb34c28f22e8b96e1ab97ce403110664 -> 
  custom:video-decoder-webm-vp8: 9c59270c3fd7afecdb556c50c9e8de78 -> 
  custom:audio-decoder-ogg-vorbis: bf7c407c2cedff20999df2af8eb42d56 -> 
  custom:audio-encoder-webm-vorbis: bf7c407c2cedff20999df2af8eb42d56 -> 
========================================================================
Received Import Request.
  Time since last request: 34.715077 seconds.
  path: Assets/Prefab/AppleTree.prefab
  artifactKey: Guid(0782dbbf74319814280b00a977241e02) Importer(815301076,1909f56bfc062723c751e8b465ee728b)
Start importing Assets/Prefab/AppleTree.prefab using Guid(0782dbbf74319814280b00a977241e02) Importer(815301076,1909f56bfc062723c751e8b465ee728b)  -> (artifact id: '3a33c77adb471ed380bf0bf6e69bc187') in 0.060923 seconds 
  Import took 0.063362 seconds .

========================================================================
Received Import Request.
  Time since last request: 3.126606 seconds.
  path: Assets/Prefab/AppleTree.prefab
  artifactKey: Guid(0782dbbf74319814280b00a977241e02) Importer(815301076,1909f56bfc062723c751e8b465ee728b)
Start importing Assets/Prefab/AppleTree.prefab using Guid(0782dbbf74319814280b00a977241e02) Importer(815301076,1909f56bfc062723c751e8b465ee728b)  -> (artifact id: '3eb9503c0188c8ad8f72aa56887e83dd') in 0.009804 seconds 
  Import took 0.012527 seconds .

========================================================================
Received Prepare
Registering precompiled user dll's ...
Registered in 0.003130 seconds.
Begin MonoManager ReloadAssembly
Native extension for WindowsStandalone target not found
Native extension for WebGL target not found
Refreshing native plugins compatible for Editor in 0.30 ms, found 2 plugins.
Preloading 0 native plugins for Editor in 0.00 ms.
Mono: successfully reloaded assembly
- Completed reload, in  0.773 seconds
Domain Reload Profiling:
	ReloadAssembly (774ms)
		BeginReloadAssembly (84ms)
			ExecutionOrderSort (0ms)
			DisableScriptedObjects (3ms)
			BackupInstance (0ms)
			ReleaseScriptingObjects (0ms)
			CreateAndSetChildDomain (26ms)
		EndReloadAssembly (642ms)
			LoadAssemblies (68ms)
			RebuildTransferFunctionScriptingTraits (0ms)
			SetupTypeCache (238ms)
			ReleaseScriptCaches (1ms)
			RebuildScriptCaches (36ms)
			SetupLoadedEditorAssemblies (219ms)
				LogAssemblyErrors (0ms)
				InitializePlatformSupportModulesInManaged (5ms)
				SetLoadedEditorAssemblies (0ms)
				RefreshPlugins (0ms)
				BeforeProcessingInitializeOnLoad (39ms)
				ProcessInitializeOnLoadAttributes (166ms)
				ProcessInitializeOnLoadMethodAttributes (7ms)
				AfterProcessingInitializeOnLoad (2ms)
				EditorAssembliesLoaded (0ms)
			ExecutionOrderSort2 (0ms)
			AwakeInstancesAfterBackupRestoration (6ms)
Platform modules already initialized, skipping
Refreshing native plugins compatible for Editor in 0.40 ms, found 2 plugins.
Preloading 0 native plugins for Editor in 0.00 ms.
Unloading 1498 Unused Serialized files (Serialized files now loaded: 0)
System memory in use before: 70.8 MB.
System memory in use after: 70.9 MB.

Unloading 15 unused Assets to reduce memory usage. Loaded Objects now: 1987.
Total: 2.716448 ms (FindLiveObjects: 0.133689 ms CreateObjectMapping: 0.042098 ms MarkObjects: 2.496003 ms  DeleteObjects: 0.044089 ms)

AssetImportParameters requested are different than current active one (requested -> active):
  custom:framework-win-MediaFoundation: 216162199b28c13a410421893ffa2e32 -> 
  custom:video-decoder-ogg-theora: a1e56fd34408186e4bbccfd4996cb3dc -> 
  custom:container-muxer-webm: aa71ff27fc2769a1b78a27578f13a17b -> 
  custom:container-demuxer-webm: 4f35f7cbe854078d1ac9338744f61a02 -> 
  custom:container-demuxer-ogg: 62fdf1f143b41e24485cea50d1cbac27 -> 
  custom:video-encoder-webm-vp8: eb34c28f22e8b96e1ab97ce403110664 -> 
  custom:video-decoder-webm-vp8: 9c59270c3fd7afecdb556c50c9e8de78 -> 
  custom:audio-decoder-ogg-vorbis: bf7c407c2cedff20999df2af8eb42d56 -> 
  custom:audio-encoder-webm-vorbis: bf7c407c2cedff20999df2af8eb42d56 -> 
========================================================================
Received Import Request.
  Time since last request: 300.081593 seconds.
  path: Assets/Scripts/Tree.cs
  artifactKey: Guid(c6239ef106521f94988df31e45f2899a) Importer(815301076,1909f56bfc062723c751e8b465ee728b)
Start importing Assets/Scripts/Tree.cs using Guid(c6239ef106521f94988df31e45f2899a) Importer(815301076,1909f56bfc062723c751e8b465ee728b)  -> (artifact id: '1f87b9ec9a3f9fb9dd98a8f2b25bae56') in 0.013208 seconds 
  Import took 0.016574 seconds .

========================================================================
Received Prepare
Registering precompiled user dll's ...
Registered in 0.003572 seconds.
Begin MonoManager ReloadAssembly
Native extension for WindowsStandalone target not found
Native extension for WebGL target not found
Refreshing native plugins compatible for Editor in 0.29 ms, found 2 plugins.
Preloading 0 native plugins for Editor in 0.00 ms.
Mono: successfully reloaded assembly
- Completed reload, in  0.808 seconds
Domain Reload Profiling:
	ReloadAssembly (809ms)
		BeginReloadAssembly (91ms)
			ExecutionOrderSort (0ms)
			DisableScriptedObjects (4ms)
			BackupInstance (0ms)
			ReleaseScriptingObjects (0ms)
			CreateAndSetChildDomain (27ms)
		EndReloadAssembly (665ms)
			LoadAssemblies (76ms)
			RebuildTransferFunctionScriptingTraits (0ms)
			SetupTypeCache (257ms)
			ReleaseScriptCaches (1ms)
			RebuildScriptCaches (34ms)
			SetupLoadedEditorAssemblies (221ms)
				LogAssemblyErrors (0ms)
				InitializePlatformSupportModulesInManaged (4ms)
				SetLoadedEditorAssemblies (1ms)
				RefreshPlugins (0ms)
				BeforeProcessingInitializeOnLoad (38ms)
				ProcessInitializeOnLoadAttributes (169ms)
				ProcessInitializeOnLoadMethodAttributes (7ms)
				AfterProcessingInitializeOnLoad (2ms)
				EditorAssembliesLoaded (0ms)
			ExecutionOrderSort2 (0ms)
			AwakeInstancesAfterBackupRestoration (5ms)
Platform modules already initialized, skipping
Refreshing native plugins compatible for Editor in 0.31 ms, found 2 plugins.
Preloading 0 native plugins for Editor in 0.00 ms.
Unloading 1498 Unused Serialized files (Serialized files now loaded: 0)
System memory in use before: 70.8 MB.
System memory in use after: 71.0 MB.

Unloading 14 unused Assets to reduce memory usage. Loaded Objects now: 1989.
Total: 2.265887 ms (FindLiveObjects: 0.107805 ms CreateObjectMapping: 0.036124 ms MarkObjects: 2.108589 ms  DeleteObjects: 0.012800 ms)

AssetImportParameters requested are different than current active one (requested -> active):
  custom:framework-win-MediaFoundation: 216162199b28c13a410421893ffa2e32 -> 
  custom:video-decoder-ogg-theora: a1e56fd34408186e4bbccfd4996cb3dc -> 
  custom:container-muxer-webm: aa71ff27fc2769a1b78a27578f13a17b -> 
  custom:container-demuxer-webm: 4f35f7cbe854078d1ac9338744f61a02 -> 
  custom:container-demuxer-ogg: 62fdf1f143b41e24485cea50d1cbac27 -> 
  custom:video-encoder-webm-vp8: eb34c28f22e8b96e1ab97ce403110664 -> 
  custom:video-decoder-webm-vp8: 9c59270c3fd7afecdb556c50c9e8de78 -> 
  custom:audio-decoder-ogg-vorbis: bf7c407c2cedff20999df2af8eb42d56 -> 
  custom:audio-encoder-webm-vorbis: bf7c407c2cedff20999df2af8eb42d56 -> 
AssetImportWorkerClient::OnTransportError - code=2 error=End of file
